[2025-09-08 21:46:01] ERROR: Invalid username attempt: 97876
[2025-09-08 21:46:56] ERROR: Invalid username attempt: 12345
[2025-09-09 00:46:36] ERROR: Student 4022604305 has no reservation for Tuesday Breakfast
[2025-09-09 00:46:36] ERROR: Student 4022604305 has no reservation for Tuesday Breakfast
[2025-09-09 00:46:36] ERROR: Student 4022604305 has no reservation for Tuesday Breakfast
[2025-09-09 00:46:36] ERROR: Student 4022604305 has no reservation for Tuesday Breakfast
[2025-09-09 00:46:36] ERROR: Student 4022604305 has no reservation for Tuesday Breakfast
[2025-09-09 00:46:36] ERROR: Student 4022604305 has no reservation for Tuesday Breakfast
[2025-09-09 00:47:42] ERROR: Student 4022604305 has no reservation for Tuesday Breakfast
[2025-09-09 00:47:42] ERROR: Student 4022604305 has no reservation for Tuesday Breakfast
[2025-09-09 00:47:42] ERROR: Student 4022604305 has no reservation for Tuesday Breakfast
[2025-09-09 00:47:42] ERROR: Student 4022604305 has no reservation for Tuesday Breakfast
[2025-09-09 00:47:42] ERROR: Student 4022604305 has no reservation for Tuesday Breakfast
[2025-09-09 00:47:42] ERROR: Student 4022604305 has no reservation for Tuesday Breakfast
[2025-09-09 00:50:11] ERROR: Invalid admin password attempt for admin: 0928268098
[2025-09-09 00:55:24] ERROR: Invalid username attempt: 0928268098
[2025-09-16 18:09:13] ERROR: Invalid username attempt: 09268268098
[2025-09-16 20:52:10] ERROR: Student 4022604305 has no reservation for Tuesday Dinner
[2025-09-16 20:52:10] ERROR: Student 4022604305 has no reservation for Tuesday Dinner
[2025-09-16 20:52:10] ERROR: Student 4022604305 has no reservation for Tuesday Dinner
[2025-09-16 21:10:33] ERROR: Student 4022604305 has no reservation for Tuesday Dinner
[2025-09-16 23:52:47] ERROR: Invalid student password attempt for student: 4022604305
[2025-09-16 23:53:03] ERROR: Invalid username attempt: 40226043305
[2025-09-17 00:20:32] ERROR: Student 4024828179 has no reservation for Wednesday Breakfast
