[2025-09-03 02:10:00] Admin login successful: 0928268098
[2025-09-03 02:10:34] Invalid username attempt: 405867292
[2025-09-03 02:11:45] Invalid username attempt: 1234
[2025-09-08 19:34:04] Invalid student password attempt for: 4022604305
[2025-09-08 21:07:38] Student login successful: 4022604305
[2025-09-08 21:34:54] Student login successful: 4022604305
[2025-09-08 21:35:25] Student login successful: 4022604305
[2025-09-08 21:36:02] Admin login successful: 0928268098
[2025-09-08 21:46:01] ERROR: Invalid username attempt: 97876
[2025-09-08 21:46:56] ERROR: Invalid username attempt: 12345
[2025-09-08 21:47:17] Admin login successful: 0928268098
[2025-09-09 00:46:18] Student login successful: 4022604305
[2025-09-09 00:46:36] ERROR: Student 4022604305 has no reservation for Tuesday Breakfast
[2025-09-09 00:46:36] ERROR: Student 4022604305 has no reservation for Tuesday Breakfast
[2025-09-09 00:46:36] ERROR: Student 4022604305 has no reservation for Tuesday Breakfast
[2025-09-09 00:46:36] ERROR: Student 4022604305 has no reservation for Tuesday Breakfast
[2025-09-09 00:46:36] ERROR: Student 4022604305 has no reservation for Tuesday Breakfast
[2025-09-09 00:46:36] ERROR: Student 4022604305 has no reservation for Tuesday Breakfast
[2025-09-09 00:47:42] ERROR: Student 4022604305 has no reservation for Tuesday Breakfast
[2025-09-09 00:47:42] ERROR: Student 4022604305 has no reservation for Tuesday Breakfast
[2025-09-09 00:47:42] ERROR: Student 4022604305 has no reservation for Tuesday Breakfast
[2025-09-09 00:47:42] ERROR: Student 4022604305 has no reservation for Tuesday Breakfast
[2025-09-09 00:47:42] ERROR: Student 4022604305 has no reservation for Tuesday Breakfast
[2025-09-09 00:47:42] ERROR: Student 4022604305 has no reservation for Tuesday Breakfast
[2025-09-09 00:50:11] ERROR: Invalid admin password attempt for admin: 0928268098
[2025-09-09 00:50:50] Admin login successful: 0928268098
[2025-09-09 00:55:24] ERROR: Invalid username attempt: 0928268098
[2025-09-16 17:34:37] Student login successful: 4022604305
[2025-09-16 17:51:15] Admin login successful: 0928268098
[2025-09-16 18:08:42] Student login successful: 4022604305
[2025-09-16 18:09:13] ERROR: Invalid username attempt: 09268268098
[2025-09-16 18:09:28] Admin login successful: 0928268098
[2025-09-16 18:13:44] Admin login successful: 0928268098
[2025-09-16 18:21:56] Admin login successful: 0928268098
[2025-09-16 18:44:53] Student login successful: 4022604305
[2025-09-16 18:45:30] Admin login successful: 0928268098
[2025-09-16 19:45:03] Admin login successful: 0928268098
[2025-09-16 20:33:33] Admin login successful: 0928268098
[2025-09-16 20:50:30] Student login successful: 4022604305
[2025-09-16 20:52:10] ERROR: Student 4022604305 has no reservation for Tuesday Dinner
[2025-09-16 20:52:10] ERROR: Student 4022604305 has no reservation for Tuesday Dinner
[2025-09-16 20:52:10] ERROR: Student 4022604305 has no reservation for Tuesday Dinner
[2025-09-16 21:09:07] Student login successful: 4022604305
[2025-09-16 21:10:33] ERROR: Student 4022604305 has no reservation for Tuesday Dinner
[2025-09-16 23:20:40] Admin login successful: 0928268098
[2025-09-16 23:37:08] Admin login successful: 0928268098
[2025-09-16 23:38:37] Admin login successful: 0928268098
[2025-09-16 23:41:57] Admin login successful: 0928268098
[2025-09-16 23:43:48] Admin login successful: 0928268098
[2025-09-16 23:52:47] ERROR: Invalid student password attempt for student: 4022604305
[2025-09-16 23:53:03] ERROR: Invalid username attempt: 40226043305
[2025-09-16 23:53:35] Student login successful: 4022604305
[2025-09-17 00:04:16] Student login successful: 4022604305
[2025-09-17 00:10:37] Student login successful: 4022604305
[2025-09-17 00:14:56] Student login successful: 4022604305
[2025-09-17 00:19:17] Student login successful: 4024828179
[2025-09-17 00:20:32] ERROR: Student 4024828179 has no reservation for Wednesday Breakfast
[2025-09-17 01:08:25] Student login successful: 4024828179
[2025-09-17 01:12:05] Student login successful: 4024828179
[2025-09-17 01:14:35] Student login successful: 4022604305
